<?xml version="1.0" encoding="UTF-8"?>
<testsuite xmlns:xsi="http://www.w3.org/2001/XMLSchema-instance" xsi:noNamespaceSchemaLocation="https://maven.apache.org/surefire/maven-surefire-plugin/xsd/surefire-test-report.xsd" version="3.0.1" name="TestSuite" time="5.376" tests="12" errors="0" skipped="0" failures="0">
  <properties>
[...]
</properties>
  <testcase name="postGeolocationRequest" classname="api.test.GeolocationApiTest" time="1.308">
    <system-err><![CDATA[SLF4J: Failed to load class "org.slf4j.impl.StaticLoggerBinder".
SLF4J: Defaulting to no-operation (NOP) logger implementation
SLF4J: See http://www.slf4j.org/codes.html#StaticLoggerBinder for further details.
]]></system-err>
  </testcase>
  <testcase name="geolocationRequest_AccessPointMissingMacAddress_ShouldReturnBadResponse" classname="api.test.GeolocationApiTest" time="0.376">
    <system-out><![CDATA[{
    "error": {
        "code": 400,
        "message": "INVALID_ARGUMENT: WiFi access point objects must have a \"macAddress\" field.",
        "errors": [
            {
                "message": "INVALID_ARGUMENT: WiFi access point objects must have a \"macAddress\" field.",
                "domain": "geolocation",
                "reason": "invalidRequest"
            }
        ]
    }
}
]]></system-out>
  </testcase>
  <testcase name="geolocationRequest_InvalidRadioTypeAndNewCellId_ShouldReturnBadResponse[gsm](1)" classname="api.test.GeolocationApiTest" time="0.371">
    <system-out><![CDATA[{
    "error": {
        "code": 400,
        "message": "INVALID_ARGUMENT: Type GSM cell tower objects must have a \"cellId\" field.",
        "errors": [
            {
                "message": "INVALID_ARGUMENT: Type GSM cell tower objects must have a \"cellId\" field.",
                "domain": "geolocation",
                "reason": "invalidRequest"
            }
        ]
    }
}
]]></system-out>
  </testcase>
  <testcase name="geolocationRequest_InvalidRadioTypeAndNewCellId_ShouldReturnBadResponse[cdma](2)" classname="api.test.GeolocationApiTest" time="0.347">
    <system-out><![CDATA[{
    "error": {
        "code": 400,
        "message": "INVALID_ARGUMENT: Type CDMA cell tower objects must have a \"cellId\" field.",
        "errors": [
            {
                "message": "INVALID_ARGUMENT: Type CDMA cell tower objects must have a \"cellId\" field.",
                "domain": "geolocation",
                "reason": "invalidRequest"
            }
        ]
    }
}
]]></system-out>
  </testcase>
  <testcase name="geolocationRequest_InvalidRadioTypeAndNewCellId_ShouldReturnBadResponse[wcdma](3)" classname="api.test.GeolocationApiTest" time="0.326">
    <system-out><![CDATA[{
    "error": {
        "code": 400,
        "message": "INVALID_ARGUMENT: Type WCDMA cell tower objects must have a \"cellId\" field.",
        "errors": [
            {
                "message": "INVALID_ARGUMENT: Type WCDMA cell tower objects must have a \"cellId\" field.",
                "domain": "geolocation",
                "reason": "invalidRequest"
            }
        ]
    }
}
]]></system-out>
  </testcase>
  <testcase name="geolocationRequest_InvalidRadioTypeAndNewCellId_ShouldReturnBadResponse[lte](4)" classname="api.test.GeolocationApiTest" time="0.368">
    <system-out><![CDATA[{
    "error": {
        "code": 400,
        "message": "INVALID_ARGUMENT: Type LTE cell tower objects must have a \"cellId\" field.",
        "errors": [
            {
                "message": "INVALID_ARGUMENT: Type LTE cell tower objects must have a \"cellId\" field.",
                "domain": "geolocation",
                "reason": "invalidRequest"
            }
        ]
    }
}
]]></system-out>
  </testcase>
  <testcase name="geolocationRequest_Valid5GNetworkAndNewCellId_ShouldReturnSuccess" classname="api.test.GeolocationApiTest" time="0.361">
    <system-out><![CDATA[{
    "location": {
        "lat": 37.4241237,
        "lng": -122.0915966
    },
    "accuracy": 20
}
]]></system-out>
  </testcase>
  <testcase name="geolocationRequest_ValidInputs_ShouldReturnSuccess" classname="api.test.GeolocationApiTest" time="0.349"/>
  <testcase name="geolocationRequest_WithInsufficientAccessPoints_ShouldReturnNotFound" classname="api.test.GeolocationApiTest" time="0.346"/>
  <testcase name="geolocationRequest_WithInvalidApiKey_ShouldReturnFailure" classname="api.test.GeolocationApiTest" time="0.326"/>
  <testcase name="geolocationRequest_WithInvalidRequestBody_ShouldReturnParseFailure" classname="api.test.GeolocationApiTest" time="0.32"/>
  <testcase name="geolocationRequest_WithoutRequestBody_ShouldReturnSuccess" classname="api.test.GeolocationApiTest" time="0.365"/>
</testsuite>